<?xml version="1.0" encoding="UTF-8"?>
<coverage generated="1589118362278" clover="3.2.0">
  <project timestamp="1589118362279" name="All files">
    <metrics statements="1" coveredstatements="1" conditionals="6" coveredconditionals="6" methods="1" coveredmethods="1" elements="8" coveredelements="8" complexity="0" loc="1" ncloc="1" packages="1" files="1" classes="1"/>
    <file name="index.js" path="D:\workspace\toolbox\packages\js-utils\src\index.js">
      <metrics statements="1" coveredstatements="1" conditionals="6" coveredconditionals="6" methods="1" coveredmethods="1"/>
      <line num="7" count="7" type="cond" truecount="6" falsecount="0"/>
    </file>
  </project>
</coverage>
