{"D:\\workspace\\toolbox\\packages\\js-utils\\src\\index.js": {"path":"D:\\workspace\\toolbox\\packages\\js-utils\\src\\index.js","statementMap":{"0":{"start":{"line":7,"column":2},"end":{"line":10,"column":14}}},"fnMap":{"0":{"name":"isNullValue","decl":{"start":{"line":6,"column":16},"end":{"line":6,"column":27}},"loc":{"start":{"line":6,"column":34},"end":{"line":11,"column":1}},"line":6}},"branchMap":{"0":{"loc":{"start":{"line":7,"column":9},"end":{"line":10,"column":14}},"type":"binary-expr","locations":[{"start":{"line":7,"column":9},"end":{"line":7,"column":35}},{"start":{"line":8,"column":4},"end":{"line":8,"column":27}},{"start":{"line":8,"column":31},"end":{"line":8,"column":41}},{"start":{"line":9,"column":4},"end":{"line":9,"column":8}},{"start":{"line":9,"column":12},"end":{"line":9,"column":34}},{"start":{"line":10,"column":4},"end":{"line":10,"column":14}}],"line":7}},"s":{"0":7},"f":{"0":7},"b":{"0":[7,6,2,5,3,4]},"_coverageSchema":"1a1c01bbd47fc00a2c39e90264f33305004495a9","hash":"086918fe9c4a94682b81d296fbc848e5b468fa65"}
}
